\BOOKMARK [1][-]{section.1}{Introduction}{}% 1
\BOOKMARK [1][-]{section.2}{Definitions}{}% 2
\BOOKMARK [1][-]{section.3}{Representing hypergraphs}{}% 3
\BOOKMARK [2][-]{subsection.3.1}{Constructing a one-arc toy hypergraph}{section.3}% 4
\BOOKMARK [2][-]{subsection.3.2}{Trees and forests}{section.3}% 5
\BOOKMARK [3][-]{subsubsection.3.2.1}{Trees}{subsection.3.2}% 6
\BOOKMARK [3][-]{subsubsection.3.2.2}{Reducing redundancy in the text format}{subsection.3.2}% 7
\BOOKMARK [3][-]{subsubsection.3.2.3}{Forests}{subsection.3.2}% 8
\BOOKMARK [2][-]{subsection.3.3}{Constructing strings, lattices, and FSMs}{section.3}% 9
\BOOKMARK [3][-]{subsubsection.3.3.1}{Strings}{subsection.3.3}% 10
\BOOKMARK [3][-]{subsubsection.3.3.2}{Lattices and general finite-state machines}{subsection.3.3}% 11
\BOOKMARK [2][-]{subsection.3.4}{Transducers}{section.3}% 12
\BOOKMARK [2][-]{subsection.3.5}{Semirings and features}{section.3}% 13
\BOOKMARK [1][-]{section.4}{Using Hypergraph command line tools}{}% 14
\BOOKMARK [2][-]{subsection.4.1}{HypCompose}{section.4}% 15
\BOOKMARK [3][-]{subsubsection.4.1.1}{Natural language parsing}{subsection.4.1}% 16
\BOOKMARK [3][-]{subsubsection.4.1.2}{Hypergraph rescoring}{subsection.4.1}% 17
\BOOKMARK [2][-]{subsection.4.2}{HypPruneToBest, HypBest}{section.4}% 18
\BOOKMARK [2][-]{subsection.4.3}{HypInside}{section.4}% 19
\BOOKMARK [2][-]{subsection.4.4}{HypInvert, HypProject}{section.4}% 20
\BOOKMARK [2][-]{subsection.4.5}{HypUnion}{section.4}% 21
\BOOKMARK [2][-]{subsection.4.6}{HypConcat}{section.4}% 22
\BOOKMARK [2][-]{subsection.4.7}{Other hyp executables}{section.4}% 23
\BOOKMARK [1][-]{section.5}{Using the C++ API}{}% 24
\BOOKMARK [2][-]{subsection.5.1}{Creating a forest}{section.5}% 25
\BOOKMARK [2][-]{subsection.5.2}{Hypergraph properties}{section.5}% 26
\BOOKMARK [3][-]{subsubsection.5.2.1}{Arc storage}{subsection.5.2}% 27
\BOOKMARK [3][-]{subsubsection.5.2.2}{Canonical lexical states}{subsection.5.2}% 28
\BOOKMARK [2][-]{subsection.5.3}{Operating on a hypergraph}{section.5}% 29
\BOOKMARK [1][-]{section.6}{Optimizing hypergraph feature weights}{}% 30
\BOOKMARK [2][-]{subsection.6.1}{Model}{section.6}% 31
\BOOKMARK [2][-]{subsection.6.2}{Defining the search space}{section.6}% 32
\BOOKMARK [2][-]{subsection.6.3}{Example}{section.6}% 33
\BOOKMARK [2][-]{subsection.6.4}{Runnnig the demo}{section.6}% 34
